c:\users\michalsenc\cst136\cst136srs04\cst136srs04\atoll\x64\debug\atoll.pch
c:\users\michalsenc\cst136\cst136srs04\cst136srs04\atoll\x64\debug\vc141.pdb
c:\users\michalsenc\cst136\cst136srs04\cst136srs04\atoll\x64\debug\vc141.idb
c:\users\michalsenc\cst136\cst136srs04\cst136srs04\atoll\x64\debug\stdafx.obj
c:\users\michalsenc\cst136\cst136srs04\cst136srs04\atoll\x64\debug\atoll.obj
c:\users\michalsenc\cst136\cst136srs04\cst136srs04\x64\debug\atoll.ilk
c:\users\michalsenc\cst136\cst136srs04\cst136srs04\x64\debug\atoll.exe
c:\users\michalsenc\cst136\cst136srs04\cst136srs04\x64\debug\atoll.pdb
c:\users\family\cst136\cst136srs04\cst136srs04\atoll\x64\debug\atoll.obj
c:\users\family\cst136\cst136srs04\cst136srs04\atoll\x64\debug\stdafx.obj
c:\users\family\cst136\cst136srs04\cst136srs04\atoll\x64\debug\atoll.pch
c:\users\family\cst136\cst136srs04\cst136srs04\atoll\x64\debug\vc141.idb
c:\users\family\cst136\cst136srs04\cst136srs04\atoll\x64\debug\vc141.pdb
c:\users\family\cst136\cst136srs04\cst136srs04\x64\debug\atoll.pdb
c:\users\family\cst136\cst136srs04\cst136srs04\x64\debug\atoll.exe
c:\users\family\cst136\cst136srs04\cst136srs04\x64\debug\atoll.ilk
c:\users\family\cst136\cst136srs04\cst136srs04\atoll\x64\debug\atoll.tlog\cl.command.1.tlog
c:\users\family\cst136\cst136srs04\cst136srs04\atoll\x64\debug\atoll.tlog\cl.read.1.tlog
c:\users\family\cst136\cst136srs04\cst136srs04\atoll\x64\debug\atoll.tlog\cl.write.1.tlog
c:\users\family\cst136\cst136srs04\cst136srs04\atoll\x64\debug\atoll.tlog\link.command.1.tlog
c:\users\family\cst136\cst136srs04\cst136srs04\atoll\x64\debug\atoll.tlog\link.read.1.tlog
c:\users\family\cst136\cst136srs04\cst136srs04\atoll\x64\debug\atoll.tlog\link.write.1.tlog
