c:\users\michalsenc\cst136\cst136srs04\cst136srs04\release\atoll.ipdb
c:\users\michalsenc\cst136\cst136srs04\cst136srs04\release\atoll.iobj
c:\users\michalsenc\cst136\cst136srs04\cst136srs04\atoll\release\atoll.pch
c:\users\michalsenc\cst136\cst136srs04\cst136srs04\atoll\release\vc141.pdb
c:\users\michalsenc\cst136\cst136srs04\cst136srs04\atoll\release\stdafx.obj
c:\users\michalsenc\cst136\cst136srs04\cst136srs04\atoll\release\atoll.obj
c:\users\michalsenc\cst136\cst136srs04\cst136srs04\release\atoll.exe
c:\users\michalsenc\cst136\cst136srs04\cst136srs04\release\atoll.pdb
c:\users\family\cst136\cst136srs04\cst136srs04\atoll\release\atoll.obj
c:\users\family\cst136\cst136srs04\cst136srs04\atoll\release\stdafx.obj
c:\users\family\cst136\cst136srs04\cst136srs04\atoll\release\atoll.pch
c:\users\family\cst136\cst136srs04\cst136srs04\atoll\release\vc141.pdb
c:\users\family\cst136\cst136srs04\cst136srs04\release\atoll.pdb
c:\users\family\cst136\cst136srs04\cst136srs04\release\atoll.exe
c:\users\family\cst136\cst136srs04\cst136srs04\atoll\release\atoll.tlog\atoll.write.1u.tlog
c:\users\family\cst136\cst136srs04\cst136srs04\atoll\release\atoll.tlog\cl.command.1.tlog
c:\users\family\cst136\cst136srs04\cst136srs04\atoll\release\atoll.tlog\cl.read.1.tlog
c:\users\family\cst136\cst136srs04\cst136srs04\atoll\release\atoll.tlog\cl.write.1.tlog
c:\users\family\cst136\cst136srs04\cst136srs04\atoll\release\atoll.tlog\link.command.1.tlog
c:\users\family\cst136\cst136srs04\cst136srs04\atoll\release\atoll.tlog\link.read.1.tlog
c:\users\family\cst136\cst136srs04\cst136srs04\atoll\release\atoll.tlog\link.write.1.tlog
