c:\users\michalsenc\cst136\cst136srs04\cst136srs04\atoll\debug\atoll.pch
c:\users\michalsenc\cst136\cst136srs04\cst136srs04\atoll\debug\vc141.pdb
c:\users\michalsenc\cst136\cst136srs04\cst136srs04\atoll\debug\vc141.idb
c:\users\michalsenc\cst136\cst136srs04\cst136srs04\atoll\debug\atoll.pchast
c:\users\michalsenc\cst136\cst136srs04\cst136srs04\atoll\debug\stdafx.nativecodeanalysis.xml
c:\users\michalsenc\cst136\cst136srs04\cst136srs04\atoll\debug\stdafx.obj
c:\users\michalsenc\cst136\cst136srs04\cst136srs04\atoll\debug\range.nativecodeanalysis.xml
c:\users\michalsenc\cst136\cst136srs04\cst136srs04\atoll\debug\gps.nativecodeanalysis.xml
c:\users\michalsenc\cst136\cst136srs04\cst136srs04\atoll\debug\gps.obj
c:\users\michalsenc\cst136\cst136srs04\cst136srs04\atoll\debug\range.obj
c:\users\michalsenc\cst136\cst136srs04\cst136srs04\atoll\debug\main.nativecodeanalysis.xml
c:\users\michalsenc\cst136\cst136srs04\cst136srs04\atoll\debug\main.obj
c:\users\michalsenc\cst136\cst136srs04\cst136srs04\debug\atoll.exe
c:\users\michalsenc\cst136\cst136srs04\cst136srs04\debug\atoll.ilk
c:\users\michalsenc\cst136\cst136srs04\cst136srs04\debug\atoll.pdb
c:\users\michalsenc\cst136\cst136srs04\cst136srs04\atoll\debug\nativecodeanalysis.read.1.tlog
c:\users\michalsenc\cst136\cst136srs04\cst136srs04\atoll\debug\vc.nativecodeanalysis.all.xml
c:\users\michalsenc\cst136\cst136srs04\cst136srs04\debug\atoll.exe.lastcodeanalysissucceeded
c:\users\michalsenc\cst136\cst136srs04\cst136srs04\atoll\debug\atoll.tlog\cl.command.1.tlog
c:\users\michalsenc\cst136\cst136srs04\cst136srs04\atoll\debug\atoll.tlog\cl.read.1.tlog
c:\users\michalsenc\cst136\cst136srs04\cst136srs04\atoll\debug\atoll.tlog\cl.write.1.tlog
c:\users\michalsenc\cst136\cst136srs04\cst136srs04\atoll\debug\atoll.tlog\link.command.1.tlog
c:\users\michalsenc\cst136\cst136srs04\cst136srs04\atoll\debug\atoll.tlog\link.read.1.tlog
c:\users\michalsenc\cst136\cst136srs04\cst136srs04\atoll\debug\atoll.tlog\link.write.1.tlog
